<?xml version="1.0" encoding="UTF-8"?>
<testsuite xmlns:xsi="http://www.w3.org/2001/XMLSchema-instance" xsi:noNamespaceSchemaLocation="https://maven.apache.org/surefire/maven-surefire-plugin/xsd/surefire-test-report.xsd" name="com.pinyougou.AppTest" time="0.049" tests="1" errors="0" skipped="0" failures="0">
  <properties>
    <property name="sun.desktop" value="windows"/>
    <property name="awt.toolkit" value="sun.awt.windows.WToolkit"/>
    <property name="file.encoding.pkg" value="sun.io"/>
    <property name="java.specification.version" value="1.8"/>
    <property name="sun.cpu.isalist" value="amd64"/>
    <property name="sun.jnu.encoding" value="GBK"/>
    <property name="java.class.path" value="C:\mycode\yunjisuan\pinyougou-parent\pinyougou-search-interface\target\test-classes;C:\mycode\yunjisuan\pinyougou-parent\pinyougou-search-interface\target\classes;C:\bway\jars_maven\junit\junit\4.11\junit-4.11.jar;C:\bway\jars_maven\org\hamcrest\hamcrest-core\1.3\hamcrest-core-1.3.jar;C:\mycode\yunjisuan\pinyougou-parent\pinyougou-pojo\target\pinyougou-pojo-1.0-SNAPSHOT.jar;C:\bway\jars_maven\org\springframework\data\spring-data-solr\1.5.5.RELEASE\spring-data-solr-1.5.5.RELEASE.jar;C:\bway\jars_maven\org\springframework\spring-context\4.2.4.RELEASE\spring-context-4.2.4.RELEASE.jar;C:\bway\jars_maven\org\springframework\spring-aop\4.2.4.RELEASE\spring-aop-4.2.4.RELEASE.jar;C:\bway\jars_maven\aopalliance\aopalliance\1.0\aopalliance-1.0.jar;C:\bway\jars_maven\org\springframework\spring-beans\4.2.4.RELEASE\spring-beans-4.2.4.RELEASE.jar;C:\bway\jars_maven\org\springframework\spring-core\4.2.4.RELEASE\spring-core-4.2.4.RELEASE.jar;C:\bway\jars_maven\org\springframework\spring-expression\4.2.4.RELEASE\spring-expression-4.2.4.RELEASE.jar;C:\bway\jars_maven\org\springframework\spring-tx\4.1.9.RELEASE\spring-tx-4.1.9.RELEASE.jar;C:\bway\jars_maven\org\springframework\data\spring-data-commons\1.11.5.RELEASE\spring-data-commons-1.11.5.RELEASE.jar;C:\bway\jars_maven\org\apache\commons\commons-lang3\3.1\commons-lang3-3.1.jar;C:\bway\jars_maven\commons-collections\commons-collections\3.2.1\commons-collections-3.2.1.jar;C:\bway\jars_maven\org\apache\httpcomponents\httpclient\4.5.3\httpclient-4.5.3.jar;C:\bway\jars_maven\org\apache\httpcomponents\httpcore\4.4.4\httpcore-4.4.4.jar;C:\bway\jars_maven\commons-codec\commons-codec\1.10\commons-codec-1.10.jar;C:\bway\jars_maven\org\apache\httpcomponents\httpmime\4.2.2\httpmime-4.2.2.jar;C:\bway\jars_maven\org\apache\httpcomponents\httpclient-cache\4.2.2\httpclient-cache-4.2.2.jar;C:\bway\jars_maven\org\apache\solr\solr-solrj\4.10.3\solr-solrj-4.10.3.jar;C:\bway\jars_maven\commons-io\commons-io\2.3\commons-io-2.3.jar;C:\bway\jars_maven\org\apache\zookeeper\zookeeper\3.4.7\zookeeper-3.4.7.jar;C:\bway\jars_maven\org\codehaus\woodstox\wstx-asl\3.2.7\wstx-asl-3.2.7.jar;C:\bway\jars_maven\org\noggit\noggit\0.5\noggit-0.5.jar;C:\bway\jars_maven\com\fasterxml\jackson\core\jackson-databind\2.6.7\jackson-databind-2.6.7.jar;C:\bway\jars_maven\com\fasterxml\jackson\core\jackson-annotations\2.6.0\jackson-annotations-2.6.0.jar;C:\bway\jars_maven\com\fasterxml\jackson\core\jackson-core\2.6.7\jackson-core-2.6.7.jar;C:\bway\jars_maven\org\slf4j\slf4j-api\1.7.21\slf4j-api-1.7.21.jar;C:\bway\jars_maven\org\slf4j\jcl-over-slf4j\1.7.21\jcl-over-slf4j-1.7.21.jar;"/>
    <property name="java.vm.vendor" value="Oracle Corporation"/>
    <property name="sun.arch.data.model" value="64"/>
    <property name="user.variant" value=""/>
    <property name="java.vendor.url" value="http://java.oracle.com/"/>
    <property name="user.timezone" value="Asia/Irkutsk"/>
    <property name="java.vm.specification.version" value="1.8"/>
    <property name="os.name" value="Windows 10"/>
    <property name="user.country" value="CN"/>
    <property name="sun.java.launcher" value="SUN_STANDARD"/>
    <property name="sun.boot.library.path" value="C:\Program Files\Java\jdk1.8.0_181\jre\bin"/>
    <property name="sun.java.command" value="C:\Users\liqiang\AppData\Local\Temp\surefire7351301197095202300\surefirebooter8871796148902241599.jar C:\Users\liqiang\AppData\Local\Temp\surefire7351301197095202300 2020-05-20T08-12-50_088-jvmRun1 surefire8149360467238315383tmp surefire_28748743438684175076tmp"/>
    <property name="surefire.test.class.path" value="C:\mycode\yunjisuan\pinyougou-parent\pinyougou-search-interface\target\test-classes;C:\mycode\yunjisuan\pinyougou-parent\pinyougou-search-interface\target\classes;C:\bway\jars_maven\junit\junit\4.11\junit-4.11.jar;C:\bway\jars_maven\org\hamcrest\hamcrest-core\1.3\hamcrest-core-1.3.jar;C:\mycode\yunjisuan\pinyougou-parent\pinyougou-pojo\target\pinyougou-pojo-1.0-SNAPSHOT.jar;C:\bway\jars_maven\org\springframework\data\spring-data-solr\1.5.5.RELEASE\spring-data-solr-1.5.5.RELEASE.jar;C:\bway\jars_maven\org\springframework\spring-context\4.2.4.RELEASE\spring-context-4.2.4.RELEASE.jar;C:\bway\jars_maven\org\springframework\spring-aop\4.2.4.RELEASE\spring-aop-4.2.4.RELEASE.jar;C:\bway\jars_maven\aopalliance\aopalliance\1.0\aopalliance-1.0.jar;C:\bway\jars_maven\org\springframework\spring-beans\4.2.4.RELEASE\spring-beans-4.2.4.RELEASE.jar;C:\bway\jars_maven\org\springframework\spring-core\4.2.4.RELEASE\spring-core-4.2.4.RELEASE.jar;C:\bway\jars_maven\org\springframework\spring-expression\4.2.4.RELEASE\spring-expression-4.2.4.RELEASE.jar;C:\bway\jars_maven\org\springframework\spring-tx\4.1.9.RELEASE\spring-tx-4.1.9.RELEASE.jar;C:\bway\jars_maven\org\springframework\data\spring-data-commons\1.11.5.RELEASE\spring-data-commons-1.11.5.RELEASE.jar;C:\bway\jars_maven\org\apache\commons\commons-lang3\3.1\commons-lang3-3.1.jar;C:\bway\jars_maven\commons-collections\commons-collections\3.2.1\commons-collections-3.2.1.jar;C:\bway\jars_maven\org\apache\httpcomponents\httpclient\4.5.3\httpclient-4.5.3.jar;C:\bway\jars_maven\org\apache\httpcomponents\httpcore\4.4.4\httpcore-4.4.4.jar;C:\bway\jars_maven\commons-codec\commons-codec\1.10\commons-codec-1.10.jar;C:\bway\jars_maven\org\apache\httpcomponents\httpmime\4.2.2\httpmime-4.2.2.jar;C:\bway\jars_maven\org\apache\httpcomponents\httpclient-cache\4.2.2\httpclient-cache-4.2.2.jar;C:\bway\jars_maven\org\apache\solr\solr-solrj\4.10.3\solr-solrj-4.10.3.jar;C:\bway\jars_maven\commons-io\commons-io\2.3\commons-io-2.3.jar;C:\bway\jars_maven\org\apache\zookeeper\zookeeper\3.4.7\zookeeper-3.4.7.jar;C:\bway\jars_maven\org\codehaus\woodstox\wstx-asl\3.2.7\wstx-asl-3.2.7.jar;C:\bway\jars_maven\org\noggit\noggit\0.5\noggit-0.5.jar;C:\bway\jars_maven\com\fasterxml\jackson\core\jackson-databind\2.6.7\jackson-databind-2.6.7.jar;C:\bway\jars_maven\com\fasterxml\jackson\core\jackson-annotations\2.6.0\jackson-annotations-2.6.0.jar;C:\bway\jars_maven\com\fasterxml\jackson\core\jackson-core\2.6.7\jackson-core-2.6.7.jar;C:\bway\jars_maven\org\slf4j\slf4j-api\1.7.21\slf4j-api-1.7.21.jar;C:\bway\jars_maven\org\slf4j\jcl-over-slf4j\1.7.21\jcl-over-slf4j-1.7.21.jar;"/>
    <property name="sun.cpu.endian" value="little"/>
    <property name="user.home" value="C:\Users\liqiang"/>
    <property name="user.language" value="zh"/>
    <property name="java.specification.vendor" value="Oracle Corporation"/>
    <property name="java.home" value="C:\Program Files\Java\jdk1.8.0_181\jre"/>
    <property name="basedir" value="C:\mycode\yunjisuan\pinyougou-parent\pinyougou-search-interface"/>
    <property name="file.separator" value="\"/>
    <property name="line.separator" value="&#10;"/>
    <property name="java.vm.specification.vendor" value="Oracle Corporation"/>
    <property name="java.specification.name" value="Java Platform API Specification"/>
    <property name="java.awt.graphicsenv" value="sun.awt.Win32GraphicsEnvironment"/>
    <property name="surefire.real.class.path" value="C:\Users\liqiang\AppData\Local\Temp\surefire7351301197095202300\surefirebooter8871796148902241599.jar"/>
    <property name="sun.boot.class.path" value="C:\Program Files\Java\jdk1.8.0_181\jre\lib\resources.jar;C:\Program Files\Java\jdk1.8.0_181\jre\lib\rt.jar;C:\Program Files\Java\jdk1.8.0_181\jre\lib\sunrsasign.jar;C:\Program Files\Java\jdk1.8.0_181\jre\lib\jsse.jar;C:\Program Files\Java\jdk1.8.0_181\jre\lib\jce.jar;C:\Program Files\Java\jdk1.8.0_181\jre\lib\charsets.jar;C:\Program Files\Java\jdk1.8.0_181\jre\lib\jfr.jar;C:\Program Files\Java\jdk1.8.0_181\jre\classes"/>
    <property name="user.script" value=""/>
    <property name="sun.management.compiler" value="HotSpot 64-Bit Tiered Compilers"/>
    <property name="java.runtime.version" value="1.8.0_181-b13"/>
    <property name="user.name" value="liqiang"/>
    <property name="path.separator" value=";"/>
    <property name="os.version" value="10.0"/>
    <property name="java.endorsed.dirs" value="C:\Program Files\Java\jdk1.8.0_181\jre\lib\endorsed"/>
    <property name="java.runtime.name" value="Java(TM) SE Runtime Environment"/>
    <property name="file.encoding" value="GBK"/>
    <property name="java.vm.name" value="Java HotSpot(TM) 64-Bit Server VM"/>
    <property name="localRepository" value="C:\bway\jars_maven"/>
    <property name="java.vendor.url.bug" value="http://bugreport.sun.com/bugreport/"/>
    <property name="java.io.tmpdir" value="C:\Users\liqiang\AppData\Local\Temp\"/>
    <property name="idea.version" value="2018.1.5"/>
    <property name="java.version" value="1.8.0_181"/>
    <property name="user.dir" value="C:\mycode\yunjisuan\pinyougou-parent\pinyougou-search-interface"/>
    <property name="os.arch" value="amd64"/>
    <property name="java.vm.specification.name" value="Java Virtual Machine Specification"/>
    <property name="java.awt.printerjob" value="sun.awt.windows.WPrinterJob"/>
    <property name="sun.os.patch.level" value=""/>
    <property name="java.library.path" value="C:\Program Files\Java\jdk1.8.0_181\jre\bin;C:\Windows\Sun\Java\bin;C:\Windows\system32;C:\Windows;C:\Program Files (x86)\Common Files\Oracle\Java\javapath;C:\Program Files (x86)\Parallels\Parallels Tools\Applications;C:\Windows\system32;C:\Windows;C:\Windows\System32\Wbem;C:\Windows\System32\WindowsPowerShell\v1.0\;C:\Windows\System32\OpenSSH\;%MAVEN_HOME%\bin;C:\Program Files\Git\cmd;C:\Program Files\nodejs\;C:\Program Files\TortoiseSVN\bin;C:\Program Files\VisualSVN Server\bin;C:\Users\liqiang\AppData\Local\Microsoft\WindowsApps;C:\Program Files\Java\jdk1.8.0_181\bin;C:\Program Files\Java\jdk1.8.0_181\jre\bin;C:\apache-maven-3.5.0\bin;C:\Programs\Microsoft VS Code\bin;C:\Users\liqiang\AppData\Roaming\npm;."/>
    <property name="java.vm.info" value="mixed mode"/>
    <property name="java.vendor" value="Oracle Corporation"/>
    <property name="java.vm.version" value="25.181-b13"/>
    <property name="java.ext.dirs" value="C:\Program Files\Java\jdk1.8.0_181\jre\lib\ext;C:\Windows\Sun\Java\lib\ext"/>
    <property name="sun.io.unicode.encoding" value="UnicodeLittle"/>
    <property name="maven.repo.local" value="C:\bway\jars_maven"/>
    <property name="java.class.version" value="52.0"/>
  </properties>
  <testcase name="shouldAnswerWithTrue" classname="com.pinyougou.AppTest" time="0"/>
</testsuite>